Terminals unused in grammar

   OCT
   HEX
   NUM


Grammar

    0 $accept: Program $end

    1 Program: ExtDefList

    2 ExtDefList: ExtDef ExtDefList
    3           | %empty

    4 ExtDef: Specifier ExtDecList SEMI
    5       | Specifier SEMI
    6       | Specifier FunDec CompSt
    7       | Specifier FunDec SEMI
    8       | error SEMI

    9 ExtDecList: VarDec
   10           | VarDec COMMA ExtDecList

   11 Specifier: TYPE
   12          | StructSpecifier

   13 StructSpecifier: STRUCT OptTag LC DefList RC
   14                | STRUCT Tag

   15 OptTag: ID
   16       | %empty

   17 Tag: ID

   18 VarDec: ID
   19       | VarDec LB INT RB

   20 FunDec: ID LP VarList RP
   21       | ID LP RP
   22       | error RP

   23 VarList: ParamDec COMMA VarList
   24        | ParamDec

   25 ParamDec: Specifier VarDec

   26 CompSt: LC DefList StmtList RC
   27       | error RC

   28 StmtList: Stmt StmtList
   29         | %empty

   30 Stmt: Exp SEMI
   31     | CompSt
   32     | RETURN Exp SEMI
   33     | IF LP Exp RP Stmt
   34     | IF LP Exp RP Stmt ELSE Stmt
   35     | WHILE LP Exp RP Stmt
   36     | error SEMI

   37 DefList: Def DefList
   38        | %empty

   39 Def: Specifier DecList SEMI
   40    | error SEMI

   41 DecList: Dec
   42        | Dec COMMA DecList

   43 Dec: VarDec
   44    | VarDec ASSIGNOP Exp

   45 Exp: Exp ASSIGNOP Exp
   46    | Exp AND Exp
   47    | Exp OR Exp
   48    | Exp RELOP Exp
   49    | Exp PLUS Exp
   50    | Exp MINUS Exp
   51    | Exp STAR Exp
   52    | Exp DIV Exp
   53    | LP Exp RP
   54    | MINUS Exp
   55    | NOT Exp
   56    | ID LP Args RP
   57    | ID LP RP
   58    | Exp LB Exp RB
   59    | Exp DOT ID
   60    | ID
   61    | INT
   62    | FLOAT
   63    | LP error RP
   64    | Exp LB error RB

   65 Args: Exp COMMA Args
   66     | Exp


Terminals, with rules where they appear

$end (0) 0
error (256) 8 22 27 36 40 63 64
INT (258) 19 61
FLOAT (259) 62
ID (260) 15 17 18 20 21 56 57 59 60
OCT (261)
HEX (262)
NUM (263)
SEMI (264) 4 5 7 8 30 32 36 39 40
COMMA (265) 10 23 42 65
ASSIGNOP (266) 44 45
RELOP (267) 48
PLUS (268) 49
MINUS (269) 50 54
STAR (270) 51
DIV (271) 52
AND (272) 46
OR (273) 47
DOT (274) 59
NOT (275) 55
TYPE (276) 11
LP (277) 20 21 33 34 35 53 56 57 63
RP (278) 20 21 22 33 34 35 53 56 57 63
LB (279) 19 58 64
RB (280) 19 58 64
LC (281) 13 26
RC (282) 13 26 27
STRUCT (283) 13 14
RETURN (284) 32
IF (285) 33 34
ELSE (286) 34
WHILE (287) 35
LOWER_THAN_ELSE (288)
LOWER_THAN_ERROR (289)


Nonterminals, with rules where they appear

$accept (35)
    on left: 0
Program (36)
    on left: 1, on right: 0
ExtDefList (37)
    on left: 2 3, on right: 1 2
ExtDef (38)
    on left: 4 5 6 7 8, on right: 2
ExtDecList (39)
    on left: 9 10, on right: 4 10
Specifier (40)
    on left: 11 12, on right: 4 5 6 7 25 39
StructSpecifier (41)
    on left: 13 14, on right: 12
OptTag (42)
    on left: 15 16, on right: 13
Tag (43)
    on left: 17, on right: 14
VarDec (44)
    on left: 18 19, on right: 9 10 19 25 43 44
FunDec (45)
    on left: 20 21 22, on right: 6 7
VarList (46)
    on left: 23 24, on right: 20 23
ParamDec (47)
    on left: 25, on right: 23 24
CompSt (48)
    on left: 26 27, on right: 6 31
StmtList (49)
    on left: 28 29, on right: 26 28
Stmt (50)
    on left: 30 31 32 33 34 35 36, on right: 28 33 34 35
DefList (51)
    on left: 37 38, on right: 13 26 37
Def (52)
    on left: 39 40, on right: 37
DecList (53)
    on left: 41 42, on right: 39 42
Dec (54)
    on left: 43 44, on right: 41 42
Exp (55)
    on left: 45 46 47 48 49 50 51 52 53 54 55 56 57 58 59 60 61 62
    63 64, on right: 30 32 33 34 35 44 45 46 47 48 49 50 51 52 53 54
    55 58 59 64 65 66
Args (56)
    on left: 65 66, on right: 56 65


State 0

    0 $accept: . Program $end

    error   shift, and go to state 1
    TYPE    shift, and go to state 2
    STRUCT  shift, and go to state 3

    $end  reduce using rule 3 (ExtDefList)

    Program          go to state 4
    ExtDefList       go to state 5
    ExtDef           go to state 6
    Specifier        go to state 7
    StructSpecifier  go to state 8


State 1

    8 ExtDef: error . SEMI

    SEMI  shift, and go to state 9


State 2

   11 Specifier: TYPE .

    $default  reduce using rule 11 (Specifier)


State 3

   13 StructSpecifier: STRUCT . OptTag LC DefList RC
   14                | STRUCT . Tag

    ID  shift, and go to state 10

    $default  reduce using rule 16 (OptTag)

    OptTag  go to state 11
    Tag     go to state 12


State 4

    0 $accept: Program . $end

    $end  shift, and go to state 13


State 5

    1 Program: ExtDefList .

    $default  reduce using rule 1 (Program)


State 6

    2 ExtDefList: ExtDef . ExtDefList

    error   shift, and go to state 1
    TYPE    shift, and go to state 2
    STRUCT  shift, and go to state 3

    $end  reduce using rule 3 (ExtDefList)

    ExtDefList       go to state 14
    ExtDef           go to state 6
    Specifier        go to state 7
    StructSpecifier  go to state 8


State 7

    4 ExtDef: Specifier . ExtDecList SEMI
    5       | Specifier . SEMI
    6       | Specifier . FunDec CompSt
    7       | Specifier . FunDec SEMI

    error  shift, and go to state 15
    ID     shift, and go to state 16
    SEMI   shift, and go to state 17

    ExtDecList  go to state 18
    VarDec      go to state 19
    FunDec      go to state 20


State 8

   12 Specifier: StructSpecifier .

    $default  reduce using rule 12 (Specifier)


State 9

    8 ExtDef: error SEMI .

    $default  reduce using rule 8 (ExtDef)


State 10

   15 OptTag: ID .
   17 Tag: ID .

    LC        reduce using rule 15 (OptTag)
    $default  reduce using rule 17 (Tag)


State 11

   13 StructSpecifier: STRUCT OptTag . LC DefList RC

    LC  shift, and go to state 21


State 12

   14 StructSpecifier: STRUCT Tag .

    $default  reduce using rule 14 (StructSpecifier)


State 13

    0 $accept: Program $end .

    $default  accept


State 14

    2 ExtDefList: ExtDef ExtDefList .

    $default  reduce using rule 2 (ExtDefList)


State 15

   22 FunDec: error . RP

    RP  shift, and go to state 22


State 16

   18 VarDec: ID .
   20 FunDec: ID . LP VarList RP
   21       | ID . LP RP

    LP  shift, and go to state 23

    $default  reduce using rule 18 (VarDec)


State 17

    5 ExtDef: Specifier SEMI .

    $default  reduce using rule 5 (ExtDef)


State 18

    4 ExtDef: Specifier ExtDecList . SEMI

    SEMI  shift, and go to state 24


State 19

    9 ExtDecList: VarDec .
   10           | VarDec . COMMA ExtDecList
   19 VarDec: VarDec . LB INT RB

    COMMA  shift, and go to state 25
    LB     shift, and go to state 26

    $default  reduce using rule 9 (ExtDecList)


State 20

    6 ExtDef: Specifier FunDec . CompSt
    7       | Specifier FunDec . SEMI

    error  shift, and go to state 27
    SEMI   shift, and go to state 28
    LC     shift, and go to state 29

    CompSt  go to state 30


State 21

   13 StructSpecifier: STRUCT OptTag LC . DefList RC

    error   shift, and go to state 31
    TYPE    shift, and go to state 2
    STRUCT  shift, and go to state 3

    RC  reduce using rule 38 (DefList)

    Specifier        go to state 32
    StructSpecifier  go to state 8
    DefList          go to state 33
    Def              go to state 34


State 22

   22 FunDec: error RP .

    $default  reduce using rule 22 (FunDec)


State 23

   20 FunDec: ID LP . VarList RP
   21       | ID LP . RP

    TYPE    shift, and go to state 2
    RP      shift, and go to state 35
    STRUCT  shift, and go to state 3

    Specifier        go to state 36
    StructSpecifier  go to state 8
    VarList          go to state 37
    ParamDec         go to state 38


State 24

    4 ExtDef: Specifier ExtDecList SEMI .

    $default  reduce using rule 4 (ExtDef)


State 25

   10 ExtDecList: VarDec COMMA . ExtDecList

    ID  shift, and go to state 39

    ExtDecList  go to state 40
    VarDec      go to state 19


State 26

   19 VarDec: VarDec LB . INT RB

    INT  shift, and go to state 41


State 27

   27 CompSt: error . RC

    RC  shift, and go to state 42


State 28

    7 ExtDef: Specifier FunDec SEMI .

    $default  reduce using rule 7 (ExtDef)


State 29

   26 CompSt: LC . DefList StmtList RC

    error   shift, and go to state 31
    TYPE    shift, and go to state 2
    STRUCT  shift, and go to state 3

    INT     reduce using rule 38 (DefList)
    FLOAT   reduce using rule 38 (DefList)
    ID      reduce using rule 38 (DefList)
    MINUS   reduce using rule 38 (DefList)
    NOT     reduce using rule 38 (DefList)
    LP      reduce using rule 38 (DefList)
    LC      reduce using rule 38 (DefList)
    RC      reduce using rule 38 (DefList)
    RETURN  reduce using rule 38 (DefList)
    IF      reduce using rule 38 (DefList)
    WHILE   reduce using rule 38 (DefList)

    Specifier        go to state 32
    StructSpecifier  go to state 8
    DefList          go to state 43
    Def              go to state 34


State 30

    6 ExtDef: Specifier FunDec CompSt .

    $default  reduce using rule 6 (ExtDef)


State 31

   40 Def: error . SEMI

    SEMI  shift, and go to state 44


State 32

   39 Def: Specifier . DecList SEMI

    ID  shift, and go to state 39

    VarDec   go to state 45
    DecList  go to state 46
    Dec      go to state 47


State 33

   13 StructSpecifier: STRUCT OptTag LC DefList . RC

    RC  shift, and go to state 48


State 34

   37 DefList: Def . DefList

    error   shift, and go to state 31
    TYPE    shift, and go to state 2
    STRUCT  shift, and go to state 3

    INT     reduce using rule 38 (DefList)
    FLOAT   reduce using rule 38 (DefList)
    ID      reduce using rule 38 (DefList)
    MINUS   reduce using rule 38 (DefList)
    NOT     reduce using rule 38 (DefList)
    LP      reduce using rule 38 (DefList)
    LC      reduce using rule 38 (DefList)
    RC      reduce using rule 38 (DefList)
    RETURN  reduce using rule 38 (DefList)
    IF      reduce using rule 38 (DefList)
    WHILE   reduce using rule 38 (DefList)

    Specifier        go to state 32
    StructSpecifier  go to state 8
    DefList          go to state 49
    Def              go to state 34


State 35

   21 FunDec: ID LP RP .

    $default  reduce using rule 21 (FunDec)


State 36

   25 ParamDec: Specifier . VarDec

    ID  shift, and go to state 39

    VarDec  go to state 50


State 37

   20 FunDec: ID LP VarList . RP

    RP  shift, and go to state 51


State 38

   23 VarList: ParamDec . COMMA VarList
   24        | ParamDec .

    COMMA  shift, and go to state 52

    $default  reduce using rule 24 (VarList)


State 39

   18 VarDec: ID .

    $default  reduce using rule 18 (VarDec)


State 40

   10 ExtDecList: VarDec COMMA ExtDecList .

    $default  reduce using rule 10 (ExtDecList)


State 41

   19 VarDec: VarDec LB INT . RB

    RB  shift, and go to state 53


State 42

   27 CompSt: error RC .

    $default  reduce using rule 27 (CompSt)


State 43

   26 CompSt: LC DefList . StmtList RC

    error   shift, and go to state 54
    INT     shift, and go to state 55
    FLOAT   shift, and go to state 56
    ID      shift, and go to state 57
    MINUS   shift, and go to state 58
    NOT     shift, and go to state 59
    LP      shift, and go to state 60
    LC      shift, and go to state 29
    RETURN  shift, and go to state 61
    IF      shift, and go to state 62
    WHILE   shift, and go to state 63

    RC  reduce using rule 29 (StmtList)

    CompSt    go to state 64
    StmtList  go to state 65
    Stmt      go to state 66
    Exp       go to state 67


State 44

   40 Def: error SEMI .

    $default  reduce using rule 40 (Def)


State 45

   19 VarDec: VarDec . LB INT RB
   43 Dec: VarDec .
   44    | VarDec . ASSIGNOP Exp

    ASSIGNOP  shift, and go to state 68
    LB        shift, and go to state 26

    $default  reduce using rule 43 (Dec)


State 46

   39 Def: Specifier DecList . SEMI

    SEMI  shift, and go to state 69


State 47

   41 DecList: Dec .
   42        | Dec . COMMA DecList

    COMMA  shift, and go to state 70

    $default  reduce using rule 41 (DecList)


State 48

   13 StructSpecifier: STRUCT OptTag LC DefList RC .

    $default  reduce using rule 13 (StructSpecifier)


State 49

   37 DefList: Def DefList .

    $default  reduce using rule 37 (DefList)


State 50

   19 VarDec: VarDec . LB INT RB
   25 ParamDec: Specifier VarDec .

    LB  shift, and go to state 26

    $default  reduce using rule 25 (ParamDec)


State 51

   20 FunDec: ID LP VarList RP .

    $default  reduce using rule 20 (FunDec)


State 52

   23 VarList: ParamDec COMMA . VarList

    TYPE    shift, and go to state 2
    STRUCT  shift, and go to state 3

    Specifier        go to state 36
    StructSpecifier  go to state 8
    VarList          go to state 71
    ParamDec         go to state 38


State 53

   19 VarDec: VarDec LB INT RB .

    $default  reduce using rule 19 (VarDec)


State 54

   27 CompSt: error . RC
   36 Stmt: error . SEMI

    SEMI  shift, and go to state 72
    RC    shift, and go to state 42


State 55

   61 Exp: INT .

    $default  reduce using rule 61 (Exp)


State 56

   62 Exp: FLOAT .

    $default  reduce using rule 62 (Exp)


State 57

   56 Exp: ID . LP Args RP
   57    | ID . LP RP
   60    | ID .

    LP  shift, and go to state 73

    $default  reduce using rule 60 (Exp)


State 58

   54 Exp: MINUS . Exp

    INT    shift, and go to state 55
    FLOAT  shift, and go to state 56
    ID     shift, and go to state 57
    MINUS  shift, and go to state 58
    NOT    shift, and go to state 59
    LP     shift, and go to state 60

    Exp  go to state 74


State 59

   55 Exp: NOT . Exp

    INT    shift, and go to state 55
    FLOAT  shift, and go to state 56
    ID     shift, and go to state 57
    MINUS  shift, and go to state 58
    NOT    shift, and go to state 59
    LP     shift, and go to state 60

    Exp  go to state 75


State 60

   53 Exp: LP . Exp RP
   63    | LP . error RP

    error  shift, and go to state 76
    INT    shift, and go to state 55
    FLOAT  shift, and go to state 56
    ID     shift, and go to state 57
    MINUS  shift, and go to state 58
    NOT    shift, and go to state 59
    LP     shift, and go to state 60

    Exp  go to state 77


State 61

   32 Stmt: RETURN . Exp SEMI

    INT    shift, and go to state 55
    FLOAT  shift, and go to state 56
    ID     shift, and go to state 57
    MINUS  shift, and go to state 58
    NOT    shift, and go to state 59
    LP     shift, and go to state 60

    Exp  go to state 78


State 62

   33 Stmt: IF . LP Exp RP Stmt
   34     | IF . LP Exp RP Stmt ELSE Stmt

    LP  shift, and go to state 79


State 63

   35 Stmt: WHILE . LP Exp RP Stmt

    LP  shift, and go to state 80


State 64

   31 Stmt: CompSt .

    $default  reduce using rule 31 (Stmt)


State 65

   26 CompSt: LC DefList StmtList . RC

    RC  shift, and go to state 81


State 66

   28 StmtList: Stmt . StmtList

    error   shift, and go to state 54
    INT     shift, and go to state 55
    FLOAT   shift, and go to state 56
    ID      shift, and go to state 57
    MINUS   shift, and go to state 58
    NOT     shift, and go to state 59
    LP      shift, and go to state 60
    LC      shift, and go to state 29
    RETURN  shift, and go to state 61
    IF      shift, and go to state 62
    WHILE   shift, and go to state 63

    RC  reduce using rule 29 (StmtList)

    CompSt    go to state 64
    StmtList  go to state 82
    Stmt      go to state 66
    Exp       go to state 67


State 67

   30 Stmt: Exp . SEMI
   45 Exp: Exp . ASSIGNOP Exp
   46    | Exp . AND Exp
   47    | Exp . OR Exp
   48    | Exp . RELOP Exp
   49    | Exp . PLUS Exp
   50    | Exp . MINUS Exp
   51    | Exp . STAR Exp
   52    | Exp . DIV Exp
   58    | Exp . LB Exp RB
   59    | Exp . DOT ID
   64    | Exp . LB error RB

    SEMI      shift, and go to state 83
    ASSIGNOP  shift, and go to state 84
    RELOP     shift, and go to state 85
    PLUS      shift, and go to state 86
    MINUS     shift, and go to state 87
    STAR      shift, and go to state 88
    DIV       shift, and go to state 89
    AND       shift, and go to state 90
    OR        shift, and go to state 91
    DOT       shift, and go to state 92
    LB        shift, and go to state 93


State 68

   44 Dec: VarDec ASSIGNOP . Exp

    INT    shift, and go to state 55
    FLOAT  shift, and go to state 56
    ID     shift, and go to state 57
    MINUS  shift, and go to state 58
    NOT    shift, and go to state 59
    LP     shift, and go to state 60

    Exp  go to state 94


State 69

   39 Def: Specifier DecList SEMI .

    $default  reduce using rule 39 (Def)


State 70

   42 DecList: Dec COMMA . DecList

    ID  shift, and go to state 39

    VarDec   go to state 45
    DecList  go to state 95
    Dec      go to state 47


State 71

   23 VarList: ParamDec COMMA VarList .

    $default  reduce using rule 23 (VarList)


State 72

   36 Stmt: error SEMI .

    $default  reduce using rule 36 (Stmt)


State 73

   56 Exp: ID LP . Args RP
   57    | ID LP . RP

    INT    shift, and go to state 55
    FLOAT  shift, and go to state 56
    ID     shift, and go to state 57
    MINUS  shift, and go to state 58
    NOT    shift, and go to state 59
    LP     shift, and go to state 60
    RP     shift, and go to state 96

    Exp   go to state 97
    Args  go to state 98


State 74

   45 Exp: Exp . ASSIGNOP Exp
   46    | Exp . AND Exp
   47    | Exp . OR Exp
   48    | Exp . RELOP Exp
   49    | Exp . PLUS Exp
   50    | Exp . MINUS Exp
   51    | Exp . STAR Exp
   52    | Exp . DIV Exp
   54    | MINUS Exp .
   58    | Exp . LB Exp RB
   59    | Exp . DOT ID
   64    | Exp . LB error RB

    RELOP  shift, and go to state 85
    STAR   shift, and go to state 88
    DIV    shift, and go to state 89
    AND    shift, and go to state 90
    OR     shift, and go to state 91
    DOT    shift, and go to state 92
    LB     shift, and go to state 93

    $default  reduce using rule 54 (Exp)


State 75

   45 Exp: Exp . ASSIGNOP Exp
   46    | Exp . AND Exp
   47    | Exp . OR Exp
   48    | Exp . RELOP Exp
   49    | Exp . PLUS Exp
   50    | Exp . MINUS Exp
   51    | Exp . STAR Exp
   52    | Exp . DIV Exp
   55    | NOT Exp .
   58    | Exp . LB Exp RB
   59    | Exp . DOT ID
   64    | Exp . LB error RB

    RELOP  shift, and go to state 85
    PLUS   shift, and go to state 86
    MINUS  shift, and go to state 87
    STAR   shift, and go to state 88
    DIV    shift, and go to state 89
    AND    shift, and go to state 90
    OR     shift, and go to state 91
    DOT    shift, and go to state 92
    LB     shift, and go to state 93

    $default  reduce using rule 55 (Exp)


State 76

   63 Exp: LP error . RP

    RP  shift, and go to state 99


State 77

   45 Exp: Exp . ASSIGNOP Exp
   46    | Exp . AND Exp
   47    | Exp . OR Exp
   48    | Exp . RELOP Exp
   49    | Exp . PLUS Exp
   50    | Exp . MINUS Exp
   51    | Exp . STAR Exp
   52    | Exp . DIV Exp
   53    | LP Exp . RP
   58    | Exp . LB Exp RB
   59    | Exp . DOT ID
   64    | Exp . LB error RB

    ASSIGNOP  shift, and go to state 84
    RELOP     shift, and go to state 85
    PLUS      shift, and go to state 86
    MINUS     shift, and go to state 87
    STAR      shift, and go to state 88
    DIV       shift, and go to state 89
    AND       shift, and go to state 90
    OR        shift, and go to state 91
    DOT       shift, and go to state 92
    RP        shift, and go to state 100
    LB        shift, and go to state 93


State 78

   32 Stmt: RETURN Exp . SEMI
   45 Exp: Exp . ASSIGNOP Exp
   46    | Exp . AND Exp
   47    | Exp . OR Exp
   48    | Exp . RELOP Exp
   49    | Exp . PLUS Exp
   50    | Exp . MINUS Exp
   51    | Exp . STAR Exp
   52    | Exp . DIV Exp
   58    | Exp . LB Exp RB
   59    | Exp . DOT ID
   64    | Exp . LB error RB

    SEMI      shift, and go to state 101
    ASSIGNOP  shift, and go to state 84
    RELOP     shift, and go to state 85
    PLUS      shift, and go to state 86
    MINUS     shift, and go to state 87
    STAR      shift, and go to state 88
    DIV       shift, and go to state 89
    AND       shift, and go to state 90
    OR        shift, and go to state 91
    DOT       shift, and go to state 92
    LB        shift, and go to state 93


State 79

   33 Stmt: IF LP . Exp RP Stmt
   34     | IF LP . Exp RP Stmt ELSE Stmt

    INT    shift, and go to state 55
    FLOAT  shift, and go to state 56
    ID     shift, and go to state 57
    MINUS  shift, and go to state 58
    NOT    shift, and go to state 59
    LP     shift, and go to state 60

    Exp  go to state 102


State 80

   35 Stmt: WHILE LP . Exp RP Stmt

    INT    shift, and go to state 55
    FLOAT  shift, and go to state 56
    ID     shift, and go to state 57
    MINUS  shift, and go to state 58
    NOT    shift, and go to state 59
    LP     shift, and go to state 60

    Exp  go to state 103


State 81

   26 CompSt: LC DefList StmtList RC .

    $default  reduce using rule 26 (CompSt)


State 82

   28 StmtList: Stmt StmtList .

    $default  reduce using rule 28 (StmtList)


State 83

   30 Stmt: Exp SEMI .

    $default  reduce using rule 30 (Stmt)


State 84

   45 Exp: Exp ASSIGNOP . Exp

    INT    shift, and go to state 55
    FLOAT  shift, and go to state 56
    ID     shift, and go to state 57
    MINUS  shift, and go to state 58
    NOT    shift, and go to state 59
    LP     shift, and go to state 60

    Exp  go to state 104


State 85

   48 Exp: Exp RELOP . Exp

    INT    shift, and go to state 55
    FLOAT  shift, and go to state 56
    ID     shift, and go to state 57
    MINUS  shift, and go to state 58
    NOT    shift, and go to state 59
    LP     shift, and go to state 60

    Exp  go to state 105


State 86

   49 Exp: Exp PLUS . Exp

    INT    shift, and go to state 55
    FLOAT  shift, and go to state 56
    ID     shift, and go to state 57
    MINUS  shift, and go to state 58
    NOT    shift, and go to state 59
    LP     shift, and go to state 60

    Exp  go to state 106


State 87

   50 Exp: Exp MINUS . Exp

    INT    shift, and go to state 55
    FLOAT  shift, and go to state 56
    ID     shift, and go to state 57
    MINUS  shift, and go to state 58
    NOT    shift, and go to state 59
    LP     shift, and go to state 60

    Exp  go to state 107


State 88

   51 Exp: Exp STAR . Exp

    INT    shift, and go to state 55
    FLOAT  shift, and go to state 56
    ID     shift, and go to state 57
    MINUS  shift, and go to state 58
    NOT    shift, and go to state 59
    LP     shift, and go to state 60

    Exp  go to state 108


State 89

   52 Exp: Exp DIV . Exp

    INT    shift, and go to state 55
    FLOAT  shift, and go to state 56
    ID     shift, and go to state 57
    MINUS  shift, and go to state 58
    NOT    shift, and go to state 59
    LP     shift, and go to state 60

    Exp  go to state 109


State 90

   46 Exp: Exp AND . Exp

    INT    shift, and go to state 55
    FLOAT  shift, and go to state 56
    ID     shift, and go to state 57
    MINUS  shift, and go to state 58
    NOT    shift, and go to state 59
    LP     shift, and go to state 60

    Exp  go to state 110


State 91

   47 Exp: Exp OR . Exp

    INT    shift, and go to state 55
    FLOAT  shift, and go to state 56
    ID     shift, and go to state 57
    MINUS  shift, and go to state 58
    NOT    shift, and go to state 59
    LP     shift, and go to state 60

    Exp  go to state 111


State 92

   59 Exp: Exp DOT . ID

    ID  shift, and go to state 112


State 93

   58 Exp: Exp LB . Exp RB
   64    | Exp LB . error RB

    error  shift, and go to state 113
    INT    shift, and go to state 55
    FLOAT  shift, and go to state 56
    ID     shift, and go to state 57
    MINUS  shift, and go to state 58
    NOT    shift, and go to state 59
    LP     shift, and go to state 60

    Exp  go to state 114


State 94

   44 Dec: VarDec ASSIGNOP Exp .
   45 Exp: Exp . ASSIGNOP Exp
   46    | Exp . AND Exp
   47    | Exp . OR Exp
   48    | Exp . RELOP Exp
   49    | Exp . PLUS Exp
   50    | Exp . MINUS Exp
   51    | Exp . STAR Exp
   52    | Exp . DIV Exp
   58    | Exp . LB Exp RB
   59    | Exp . DOT ID
   64    | Exp . LB error RB

    ASSIGNOP  shift, and go to state 84
    RELOP     shift, and go to state 85
    PLUS      shift, and go to state 86
    MINUS     shift, and go to state 87
    STAR      shift, and go to state 88
    DIV       shift, and go to state 89
    AND       shift, and go to state 90
    OR        shift, and go to state 91
    DOT       shift, and go to state 92
    LB        shift, and go to state 93

    $default  reduce using rule 44 (Dec)


State 95

   42 DecList: Dec COMMA DecList .

    $default  reduce using rule 42 (DecList)


State 96

   57 Exp: ID LP RP .

    $default  reduce using rule 57 (Exp)


State 97

   45 Exp: Exp . ASSIGNOP Exp
   46    | Exp . AND Exp
   47    | Exp . OR Exp
   48    | Exp . RELOP Exp
   49    | Exp . PLUS Exp
   50    | Exp . MINUS Exp
   51    | Exp . STAR Exp
   52    | Exp . DIV Exp
   58    | Exp . LB Exp RB
   59    | Exp . DOT ID
   64    | Exp . LB error RB
   65 Args: Exp . COMMA Args
   66     | Exp .

    COMMA     shift, and go to state 115
    ASSIGNOP  shift, and go to state 84
    RELOP     shift, and go to state 85
    PLUS      shift, and go to state 86
    MINUS     shift, and go to state 87
    STAR      shift, and go to state 88
    DIV       shift, and go to state 89
    AND       shift, and go to state 90
    OR        shift, and go to state 91
    DOT       shift, and go to state 92
    LB        shift, and go to state 93

    $default  reduce using rule 66 (Args)


State 98

   56 Exp: ID LP Args . RP

    RP  shift, and go to state 116


State 99

   63 Exp: LP error RP .

    $default  reduce using rule 63 (Exp)


State 100

   53 Exp: LP Exp RP .

    $default  reduce using rule 53 (Exp)


State 101

   32 Stmt: RETURN Exp SEMI .

    $default  reduce using rule 32 (Stmt)


State 102

   33 Stmt: IF LP Exp . RP Stmt
   34     | IF LP Exp . RP Stmt ELSE Stmt
   45 Exp: Exp . ASSIGNOP Exp
   46    | Exp . AND Exp
   47    | Exp . OR Exp
   48    | Exp . RELOP Exp
   49    | Exp . PLUS Exp
   50    | Exp . MINUS Exp
   51    | Exp . STAR Exp
   52    | Exp . DIV Exp
   58    | Exp . LB Exp RB
   59    | Exp . DOT ID
   64    | Exp . LB error RB

    ASSIGNOP  shift, and go to state 84
    RELOP     shift, and go to state 85
    PLUS      shift, and go to state 86
    MINUS     shift, and go to state 87
    STAR      shift, and go to state 88
    DIV       shift, and go to state 89
    AND       shift, and go to state 90
    OR        shift, and go to state 91
    DOT       shift, and go to state 92
    RP        shift, and go to state 117
    LB        shift, and go to state 93


State 103

   35 Stmt: WHILE LP Exp . RP Stmt
   45 Exp: Exp . ASSIGNOP Exp
   46    | Exp . AND Exp
   47    | Exp . OR Exp
   48    | Exp . RELOP Exp
   49    | Exp . PLUS Exp
   50    | Exp . MINUS Exp
   51    | Exp . STAR Exp
   52    | Exp . DIV Exp
   58    | Exp . LB Exp RB
   59    | Exp . DOT ID
   64    | Exp . LB error RB

    ASSIGNOP  shift, and go to state 84
    RELOP     shift, and go to state 85
    PLUS      shift, and go to state 86
    MINUS     shift, and go to state 87
    STAR      shift, and go to state 88
    DIV       shift, and go to state 89
    AND       shift, and go to state 90
    OR        shift, and go to state 91
    DOT       shift, and go to state 92
    RP        shift, and go to state 118
    LB        shift, and go to state 93


State 104

   45 Exp: Exp . ASSIGNOP Exp
   45    | Exp ASSIGNOP Exp .
   46    | Exp . AND Exp
   47    | Exp . OR Exp
   48    | Exp . RELOP Exp
   49    | Exp . PLUS Exp
   50    | Exp . MINUS Exp
   51    | Exp . STAR Exp
   52    | Exp . DIV Exp
   58    | Exp . LB Exp RB
   59    | Exp . DOT ID
   64    | Exp . LB error RB

    ASSIGNOP  shift, and go to state 84
    RELOP     shift, and go to state 85
    PLUS      shift, and go to state 86
    MINUS     shift, and go to state 87
    STAR      shift, and go to state 88
    DIV       shift, and go to state 89
    AND       shift, and go to state 90
    OR        shift, and go to state 91
    DOT       shift, and go to state 92
    LB        shift, and go to state 93

    $default  reduce using rule 45 (Exp)


State 105

   45 Exp: Exp . ASSIGNOP Exp
   46    | Exp . AND Exp
   47    | Exp . OR Exp
   48    | Exp . RELOP Exp
   48    | Exp RELOP Exp .
   49    | Exp . PLUS Exp
   50    | Exp . MINUS Exp
   51    | Exp . STAR Exp
   52    | Exp . DIV Exp
   58    | Exp . LB Exp RB
   59    | Exp . DOT ID
   64    | Exp . LB error RB

    AND  shift, and go to state 90
    OR   shift, and go to state 91
    DOT  shift, and go to state 92
    LB   shift, and go to state 93

    $default  reduce using rule 48 (Exp)


State 106

   45 Exp: Exp . ASSIGNOP Exp
   46    | Exp . AND Exp
   47    | Exp . OR Exp
   48    | Exp . RELOP Exp
   49    | Exp . PLUS Exp
   49    | Exp PLUS Exp .
   50    | Exp . MINUS Exp
   51    | Exp . STAR Exp
   52    | Exp . DIV Exp
   58    | Exp . LB Exp RB
   59    | Exp . DOT ID
   64    | Exp . LB error RB

    RELOP  shift, and go to state 85
    STAR   shift, and go to state 88
    DIV    shift, and go to state 89
    AND    shift, and go to state 90
    OR     shift, and go to state 91
    DOT    shift, and go to state 92
    LB     shift, and go to state 93

    $default  reduce using rule 49 (Exp)


State 107

   45 Exp: Exp . ASSIGNOP Exp
   46    | Exp . AND Exp
   47    | Exp . OR Exp
   48    | Exp . RELOP Exp
   49    | Exp . PLUS Exp
   50    | Exp . MINUS Exp
   50    | Exp MINUS Exp .
   51    | Exp . STAR Exp
   52    | Exp . DIV Exp
   58    | Exp . LB Exp RB
   59    | Exp . DOT ID
   64    | Exp . LB error RB

    RELOP  shift, and go to state 85
    STAR   shift, and go to state 88
    DIV    shift, and go to state 89
    AND    shift, and go to state 90
    OR     shift, and go to state 91
    DOT    shift, and go to state 92
    LB     shift, and go to state 93

    $default  reduce using rule 50 (Exp)


State 108

   45 Exp: Exp . ASSIGNOP Exp
   46    | Exp . AND Exp
   47    | Exp . OR Exp
   48    | Exp . RELOP Exp
   49    | Exp . PLUS Exp
   50    | Exp . MINUS Exp
   51    | Exp . STAR Exp
   51    | Exp STAR Exp .
   52    | Exp . DIV Exp
   58    | Exp . LB Exp RB
   59    | Exp . DOT ID
   64    | Exp . LB error RB

    RELOP  shift, and go to state 85
    AND    shift, and go to state 90
    OR     shift, and go to state 91
    DOT    shift, and go to state 92
    LB     shift, and go to state 93

    $default  reduce using rule 51 (Exp)


State 109

   45 Exp: Exp . ASSIGNOP Exp
   46    | Exp . AND Exp
   47    | Exp . OR Exp
   48    | Exp . RELOP Exp
   49    | Exp . PLUS Exp
   50    | Exp . MINUS Exp
   51    | Exp . STAR Exp
   52    | Exp . DIV Exp
   52    | Exp DIV Exp .
   58    | Exp . LB Exp RB
   59    | Exp . DOT ID
   64    | Exp . LB error RB

    RELOP  shift, and go to state 85
    AND    shift, and go to state 90
    OR     shift, and go to state 91
    DOT    shift, and go to state 92
    LB     shift, and go to state 93

    $default  reduce using rule 52 (Exp)


State 110

   45 Exp: Exp . ASSIGNOP Exp
   46    | Exp . AND Exp
   46    | Exp AND Exp .
   47    | Exp . OR Exp
   48    | Exp . RELOP Exp
   49    | Exp . PLUS Exp
   50    | Exp . MINUS Exp
   51    | Exp . STAR Exp
   52    | Exp . DIV Exp
   58    | Exp . LB Exp RB
   59    | Exp . DOT ID
   64    | Exp . LB error RB

    DOT  shift, and go to state 92
    LB   shift, and go to state 93

    $default  reduce using rule 46 (Exp)


State 111

   45 Exp: Exp . ASSIGNOP Exp
   46    | Exp . AND Exp
   47    | Exp . OR Exp
   47    | Exp OR Exp .
   48    | Exp . RELOP Exp
   49    | Exp . PLUS Exp
   50    | Exp . MINUS Exp
   51    | Exp . STAR Exp
   52    | Exp . DIV Exp
   58    | Exp . LB Exp RB
   59    | Exp . DOT ID
   64    | Exp . LB error RB

    DOT  shift, and go to state 92
    LB   shift, and go to state 93

    $default  reduce using rule 47 (Exp)


State 112

   59 Exp: Exp DOT ID .

    $default  reduce using rule 59 (Exp)


State 113

   64 Exp: Exp LB error . RB

    RB  shift, and go to state 119


State 114

   45 Exp: Exp . ASSIGNOP Exp
   46    | Exp . AND Exp
   47    | Exp . OR Exp
   48    | Exp . RELOP Exp
   49    | Exp . PLUS Exp
   50    | Exp . MINUS Exp
   51    | Exp . STAR Exp
   52    | Exp . DIV Exp
   58    | Exp . LB Exp RB
   58    | Exp LB Exp . RB
   59    | Exp . DOT ID
   64    | Exp . LB error RB

    ASSIGNOP  shift, and go to state 84
    RELOP     shift, and go to state 85
    PLUS      shift, and go to state 86
    MINUS     shift, and go to state 87
    STAR      shift, and go to state 88
    DIV       shift, and go to state 89
    AND       shift, and go to state 90
    OR        shift, and go to state 91
    DOT       shift, and go to state 92
    LB        shift, and go to state 93
    RB        shift, and go to state 120


State 115

   65 Args: Exp COMMA . Args

    INT    shift, and go to state 55
    FLOAT  shift, and go to state 56
    ID     shift, and go to state 57
    MINUS  shift, and go to state 58
    NOT    shift, and go to state 59
    LP     shift, and go to state 60

    Exp   go to state 97
    Args  go to state 121


State 116

   56 Exp: ID LP Args RP .

    $default  reduce using rule 56 (Exp)


State 117

   33 Stmt: IF LP Exp RP . Stmt
   34     | IF LP Exp RP . Stmt ELSE Stmt

    error   shift, and go to state 54
    INT     shift, and go to state 55
    FLOAT   shift, and go to state 56
    ID      shift, and go to state 57
    MINUS   shift, and go to state 58
    NOT     shift, and go to state 59
    LP      shift, and go to state 60
    LC      shift, and go to state 29
    RETURN  shift, and go to state 61
    IF      shift, and go to state 62
    WHILE   shift, and go to state 63

    CompSt  go to state 64
    Stmt    go to state 122
    Exp     go to state 67


State 118

   35 Stmt: WHILE LP Exp RP . Stmt

    error   shift, and go to state 54
    INT     shift, and go to state 55
    FLOAT   shift, and go to state 56
    ID      shift, and go to state 57
    MINUS   shift, and go to state 58
    NOT     shift, and go to state 59
    LP      shift, and go to state 60
    LC      shift, and go to state 29
    RETURN  shift, and go to state 61
    IF      shift, and go to state 62
    WHILE   shift, and go to state 63

    CompSt  go to state 64
    Stmt    go to state 123
    Exp     go to state 67


State 119

   64 Exp: Exp LB error RB .

    $default  reduce using rule 64 (Exp)


State 120

   58 Exp: Exp LB Exp RB .

    $default  reduce using rule 58 (Exp)


State 121

   65 Args: Exp COMMA Args .

    $default  reduce using rule 65 (Args)


State 122

   33 Stmt: IF LP Exp RP Stmt .
   34     | IF LP Exp RP Stmt . ELSE Stmt

    ELSE  shift, and go to state 124

    $default  reduce using rule 33 (Stmt)


State 123

   35 Stmt: WHILE LP Exp RP Stmt .

    $default  reduce using rule 35 (Stmt)


State 124

   34 Stmt: IF LP Exp RP Stmt ELSE . Stmt

    error   shift, and go to state 54
    INT     shift, and go to state 55
    FLOAT   shift, and go to state 56
    ID      shift, and go to state 57
    MINUS   shift, and go to state 58
    NOT     shift, and go to state 59
    LP      shift, and go to state 60
    LC      shift, and go to state 29
    RETURN  shift, and go to state 61
    IF      shift, and go to state 62
    WHILE   shift, and go to state 63

    CompSt  go to state 64
    Stmt    go to state 125
    Exp     go to state 67


State 125

   34 Stmt: IF LP Exp RP Stmt ELSE Stmt .

    $default  reduce using rule 34 (Stmt)
